<?xml version="1.0" encoding="UTF-8" ?>
<testsuite errors="0" failures="0" hostname="TABLET02" name="edu.hawaii.myisern.example.TestMyIsernGui" tests="2" time="2.109" timestamp="2007-10-22T02:52:13">
  <properties>
[...]
</properties>
  <testcase classname="edu.hawaii.myisern.example.TestMyIsernGui" name="testDistanceBetweenTwoPoints" time="0.078" />
  <testcase classname="edu.hawaii.myisern.example.TestMyIsernGui" name="testCreateGui" time="1.828" />
  <system-out><![CDATA[EMMA: collecting runtime coverage data ...
**********DISTANCE:   7.280109889280518  ***************
]]></system-out>
  <system-err><![CDATA[]]></system-err>
</testsuite>
